2024/01/25 22:40:48 Starting container setup.
2024/01/25 22:40:49 Done container setup.
2024/01/25 22:40:51 Starting localization.
2024/01/25 22:41:13 Localization script execution started...
2024/01/25 22:41:13 Localizing input gs://workflows-bucket-terra-cold-pecan-4945/GvsJointVariantCalling_job_2024-01-25T222932826Z/GvsJointVariantCalling/cae072db-c91b-49ee-a0c7-dca2ee2bf0bd/call-GvsUnified/GvsUnified/2b77704a-e1a7-4ceb-9c57-8176f385c73f/call-AssignIds/GvsAssignIds/bf9a51e0-a4da-4993-85c4-ac6cf2fc260f/call-CreateSampleLoadStatusTable/script -> /cromwell_root/script
2024/01/25 22:41:19 Localization script execution complete.
2024/01/25 22:41:24 Done localization.
2024/01/25 22:41:26 Running user action: docker run -v /mnt/local-disk:/cromwell_root --entrypoint=/bin/bash gcr.io/google.com/cloudsdktool/cloud-sdk@sha256:d234fdeb42d1e22ad9896e5e9822d9101467daf4e70283ede103aea65f85ad13 /cromwell_root/script
+ set -e
+ echo 'project_id = terra-cold-pecan-4945'
++ seq 1 1
+ for TABLE_ID in $(seq 1 1)
+ PARTITION_STRING=
+ CLUSTERING_STRING=
+ '[' false == true ']'
+ '[' false = true ']'
+ TABLE=gvs_1.sample_load_status
+ set +e
+ bq show --project_id terra-cold-pecan-4945 gvs_1.sample_load_status
+ BQ_SHOW_RC=2
+ set -e
+ '[' 2 -ne 0 ']'
+ echo 'making table gvs_1.sample_load_status'
+ echo '[{"name": "sample_id","type": "INTEGER","mode": "REQUIRED"},{"name":"status","type":"STRING","mode":"REQUIRED"}, {"name":"event_timestamp","type":"TIMESTAMP","mode":"REQUIRED"}]'
+ bq mk --project_id=terra-cold-pecan-4945 gvs_1.sample_load_status schema.json
making table gvs_1.sample_load_status
Table 'terra-cold-pecan-4945:gvs_1.sample_load_status' successfully created.
2024/01/25 22:41:38 Starting delocalization.
2024/01/25 22:41:39 Delocalization script execution started...
2024/01/25 22:41:39 Delocalizing output /cromwell_root/memory_retry_rc -> gs://workflows-bucket-terra-cold-pecan-4945/GvsJointVariantCalling_job_2024-01-25T222932826Z/GvsJointVariantCalling/cae072db-c91b-49ee-a0c7-dca2ee2bf0bd/call-GvsUnified/GvsUnified/2b77704a-e1a7-4ceb-9c57-8176f385c73f/call-AssignIds/GvsAssignIds/bf9a51e0-a4da-4993-85c4-ac6cf2fc260f/call-CreateSampleLoadStatusTable/memory_retry_rc
2024/01/25 22:41:39 Delocalizing output /cromwell_root/rc -> gs://workflows-bucket-terra-cold-pecan-4945/GvsJointVariantCalling_job_2024-01-25T222932826Z/GvsJointVariantCalling/cae072db-c91b-49ee-a0c7-dca2ee2bf0bd/call-GvsUnified/GvsUnified/2b77704a-e1a7-4ceb-9c57-8176f385c73f/call-AssignIds/GvsAssignIds/bf9a51e0-a4da-4993-85c4-ac6cf2fc260f/call-CreateSampleLoadStatusTable/rc
2024/01/25 22:41:43 Delocalizing output /cromwell_root/stdout -> gs://workflows-bucket-terra-cold-pecan-4945/GvsJointVariantCalling_job_2024-01-25T222932826Z/GvsJointVariantCalling/cae072db-c91b-49ee-a0c7-dca2ee2bf0bd/call-GvsUnified/GvsUnified/2b77704a-e1a7-4ceb-9c57-8176f385c73f/call-AssignIds/GvsAssignIds/bf9a51e0-a4da-4993-85c4-ac6cf2fc260f/call-CreateSampleLoadStatusTable/stdout
2024/01/25 22:41:45 Delocalizing output /cromwell_root/stderr -> gs://workflows-bucket-terra-cold-pecan-4945/GvsJointVariantCalling_job_2024-01-25T222932826Z/GvsJointVariantCalling/cae072db-c91b-49ee-a0c7-dca2ee2bf0bd/call-GvsUnified/GvsUnified/2b77704a-e1a7-4ceb-9c57-8176f385c73f/call-AssignIds/GvsAssignIds/bf9a51e0-a4da-4993-85c4-ac6cf2fc260f/call-CreateSampleLoadStatusTable/stderr
2024/01/25 22:41:46 Delocalization script execution complete.
2024/01/25 22:41:47 Done delocalization.
