2024/01/25 22:41:00 Starting container setup.
2024/01/25 22:41:01 Done container setup.
2024/01/25 22:41:03 Starting localization.
2024/01/25 22:41:26 Localization script execution started...
2024/01/25 22:41:26 Localizing input gs://workflows-bucket-terra-cold-pecan-4945/GvsJointVariantCalling_job_2024-01-25T222932826Z/GvsJointVariantCalling/cae072db-c91b-49ee-a0c7-dca2ee2bf0bd/call-GvsUnified/GvsUnified/2b77704a-e1a7-4ceb-9c57-8176f385c73f/call-AssignIds/GvsAssignIds/bf9a51e0-a4da-4993-85c4-ac6cf2fc260f/call-CreateSampleInfoTable/script -> /cromwell_root/script
2024/01/25 22:41:32 Localization script execution complete.
2024/01/25 22:41:37 Done localization.
2024/01/25 22:41:39 Running user action: docker run -v /mnt/local-disk:/cromwell_root --entrypoint=/bin/bash gcr.io/google.com/cloudsdktool/cloud-sdk@sha256:d234fdeb42d1e22ad9896e5e9822d9101467daf4e70283ede103aea65f85ad13 /cromwell_root/script
+ set -e
+ echo 'project_id = terra-cold-pecan-4945'
++ seq 1 1
+ for TABLE_ID in $(seq 1 1)
+ PARTITION_STRING=
+ CLUSTERING_STRING=
+ '[' false == true ']'
+ '[' false = true ']'
+ TABLE=gvs_1.sample_info
+ set +e
+ bq show --project_id terra-cold-pecan-4945 gvs_1.sample_info
+ BQ_SHOW_RC=2
+ set -e
+ '[' 2 -ne 0 ']'
+ echo 'making table gvs_1.sample_info'
+ echo '[{"name": "sample_name","type": "STRING","mode": "REQUIRED"},{"name": "sample_id","type": "INTEGER","mode": "NULLABLE"},{"name":"is_loaded","type":"BOOLEAN","mode":"NULLABLE"},{"name":"is_control","type":"BOOLEAN","mode":"REQUIRED"},{"name":"withdrawn","type":"TIMESTAMP","mode":"NULLABLE"}]'
+ bq mk --project_id=terra-cold-pecan-4945 gvs_1.sample_info schema.json
making table gvs_1.sample_info
Table 'terra-cold-pecan-4945:gvs_1.sample_info' successfully created.
2024/01/25 22:41:49 Starting delocalization.
2024/01/25 22:41:50 Delocalization script execution started...
2024/01/25 22:41:50 Delocalizing output /cromwell_root/memory_retry_rc -> gs://workflows-bucket-terra-cold-pecan-4945/GvsJointVariantCalling_job_2024-01-25T222932826Z/GvsJointVariantCalling/cae072db-c91b-49ee-a0c7-dca2ee2bf0bd/call-GvsUnified/GvsUnified/2b77704a-e1a7-4ceb-9c57-8176f385c73f/call-AssignIds/GvsAssignIds/bf9a51e0-a4da-4993-85c4-ac6cf2fc260f/call-CreateSampleInfoTable/memory_retry_rc
2024/01/25 22:41:50 Delocalizing output /cromwell_root/rc -> gs://workflows-bucket-terra-cold-pecan-4945/GvsJointVariantCalling_job_2024-01-25T222932826Z/GvsJointVariantCalling/cae072db-c91b-49ee-a0c7-dca2ee2bf0bd/call-GvsUnified/GvsUnified/2b77704a-e1a7-4ceb-9c57-8176f385c73f/call-AssignIds/GvsAssignIds/bf9a51e0-a4da-4993-85c4-ac6cf2fc260f/call-CreateSampleInfoTable/rc
2024/01/25 22:41:54 Delocalizing output /cromwell_root/stdout -> gs://workflows-bucket-terra-cold-pecan-4945/GvsJointVariantCalling_job_2024-01-25T222932826Z/GvsJointVariantCalling/cae072db-c91b-49ee-a0c7-dca2ee2bf0bd/call-GvsUnified/GvsUnified/2b77704a-e1a7-4ceb-9c57-8176f385c73f/call-AssignIds/GvsAssignIds/bf9a51e0-a4da-4993-85c4-ac6cf2fc260f/call-CreateSampleInfoTable/stdout
2024/01/25 22:41:56 Delocalizing output /cromwell_root/stderr -> gs://workflows-bucket-terra-cold-pecan-4945/GvsJointVariantCalling_job_2024-01-25T222932826Z/GvsJointVariantCalling/cae072db-c91b-49ee-a0c7-dca2ee2bf0bd/call-GvsUnified/GvsUnified/2b77704a-e1a7-4ceb-9c57-8176f385c73f/call-AssignIds/GvsAssignIds/bf9a51e0-a4da-4993-85c4-ac6cf2fc260f/call-CreateSampleInfoTable/stderr
2024/01/25 22:41:58 Delocalization script execution complete.
2024/01/25 22:41:59 Done delocalization.
