2024/01/25 23:01:54 Starting container setup.
2024/01/25 23:01:55 Done container setup.
2024/01/25 23:01:59 Starting localization.
2024/01/25 23:02:18 Localization script execution started...
2024/01/25 23:02:18 Localizing input gs://workflows-bucket-terra-cold-pecan-4945/GvsJointVariantCalling_job_2024-01-25T222932826Z/GvsJointVariantCalling/cae072db-c91b-49ee-a0c7-dca2ee2bf0bd/call-GvsUnified/GvsUnified/2b77704a-e1a7-4ceb-9c57-8176f385c73f/call-GvsImportGenomes/GvsImportGenomes/fad27d9f-1823-445f-9fef-c00eb782d39f/call-CurateInputLists/output_vcf_index_list_file -> /cromwell_root/workflows-bucket-terra-cold-pecan-4945/GvsJointVariantCalling_job_2024-01-25T222932826Z/GvsJointVariantCalling/cae072db-c91b-49ee-a0c7-dca2ee2bf0bd/call-GvsUnified/GvsUnified/2b77704a-e1a7-4ceb-9c57-8176f385c73f/call-GvsImportGenomes/GvsImportGenomes/fad27d9f-1823-445f-9fef-c00eb782d39f/call-CurateInputLists/output_vcf_index_list_file
2024/01/25 23:02:24 Localizing input gs://workflows-bucket-terra-cold-pecan-4945/GvsJointVariantCalling_job_2024-01-25T222932826Z/GvsJointVariantCalling/cae072db-c91b-49ee-a0c7-dca2ee2bf0bd/call-GvsUnified/GvsUnified/2b77704a-e1a7-4ceb-9c57-8176f385c73f/call-GvsImportGenomes/GvsImportGenomes/fad27d9f-1823-445f-9fef-c00eb782d39f/call-CurateInputLists/output_vcf_list_file -> /cromwell_root/workflows-bucket-terra-cold-pecan-4945/GvsJointVariantCalling_job_2024-01-25T222932826Z/GvsJointVariantCalling/cae072db-c91b-49ee-a0c7-dca2ee2bf0bd/call-GvsUnified/GvsUnified/2b77704a-e1a7-4ceb-9c57-8176f385c73f/call-GvsImportGenomes/GvsImportGenomes/fad27d9f-1823-445f-9fef-c00eb782d39f/call-CurateInputLists/output_vcf_list_file
2024/01/25 23:02:24 Localizing input gs://workflows-bucket-terra-cold-pecan-4945/GvsJointVariantCalling_job_2024-01-25T222932826Z/GvsJointVariantCalling/cae072db-c91b-49ee-a0c7-dca2ee2bf0bd/call-GvsUnified/GvsUnified/2b77704a-e1a7-4ceb-9c57-8176f385c73f/call-GvsImportGenomes/GvsImportGenomes/fad27d9f-1823-445f-9fef-c00eb782d39f/call-CurateInputLists/output_sample_name_list_file -> /cromwell_root/workflows-bucket-terra-cold-pecan-4945/GvsJointVariantCalling_job_2024-01-25T222932826Z/GvsJointVariantCalling/cae072db-c91b-49ee-a0c7-dca2ee2bf0bd/call-GvsUnified/GvsUnified/2b77704a-e1a7-4ceb-9c57-8176f385c73f/call-GvsImportGenomes/GvsImportGenomes/fad27d9f-1823-445f-9fef-c00eb782d39f/call-CurateInputLists/output_sample_name_list_file
Copying gs://workflows-bucket-terra-cold-pecan-4945/GvsJointVariantCalling_job_2024-01-25T222932826Z/GvsJointVariantCalling/cae072db-c91b-49ee-a0c7-dca2ee2bf0bd/call-GvsUnified/GvsUnified/2b77704a-e1a7-4ceb-9c57-8176f385c73f/call-GvsImportGenomes/GvsImportGenomes/fad27d9f-1823-445f-9fef-c00eb782d39f/call-CurateInputLists/output_vcf_list_file...
/ [0 files][    0.0 B/  101.0 B]                                                / [1 files][  101.0 B/  101.0 B]                                                Copying gs://workflows-bucket-terra-cold-pecan-4945/GvsJointVariantCalling_job_2024-01-25T222932826Z/GvsJointVariantCalling/cae072db-c91b-49ee-a0c7-dca2ee2bf0bd/call-GvsUnified/GvsUnified/2b77704a-e1a7-4ceb-9c57-8176f385c73f/call-GvsImportGenomes/GvsImportGenomes/fad27d9f-1823-445f-9fef-c00eb782d39f/call-CurateInputLists/output_sample_name_list_file...
/ [1 files][  101.0 B/  112.0 B]                                                / [2 files][  112.0 B/  112.0 B]                                                
Operation completed over 2 objects/112.0 B.                                      
2024/01/25 23:02:26 Localizing input gs://workflows-bucket-terra-cold-pecan-4945/GvsJointVariantCalling_job_2024-01-25T222932826Z/GvsJointVariantCalling/cae072db-c91b-49ee-a0c7-dca2ee2bf0bd/call-GvsUnified/GvsUnified/2b77704a-e1a7-4ceb-9c57-8176f385c73f/call-GvsImportGenomes/GvsImportGenomes/fad27d9f-1823-445f-9fef-c00eb782d39f/call-CreateFOFNs/script -> /cromwell_root/script
2024/01/25 23:02:30 Localization script execution complete.
2024/01/25 23:02:36 Done localization.
2024/01/25 23:02:37 Running user action: docker run -v /mnt/local-disk:/cromwell_root --entrypoint=/bin/bash gcr.io/google.com/cloudsdktool/cloud-sdk@sha256:b20cb23b303d3b3ebde15d3b8759beac6d8e9da8b49a1e189b7843130df264e4 /cromwell_root/script
2024/01/25 23:02:39 Starting delocalization.
2024/01/25 23:02:40 Delocalization script execution started...
2024/01/25 23:02:40 Delocalizing output /cromwell_root/memory_retry_rc -> gs://workflows-bucket-terra-cold-pecan-4945/GvsJointVariantCalling_job_2024-01-25T222932826Z/GvsJointVariantCalling/cae072db-c91b-49ee-a0c7-dca2ee2bf0bd/call-GvsUnified/GvsUnified/2b77704a-e1a7-4ceb-9c57-8176f385c73f/call-GvsImportGenomes/GvsImportGenomes/fad27d9f-1823-445f-9fef-c00eb782d39f/call-CreateFOFNs/memory_retry_rc
2024/01/25 23:02:40 Delocalizing output /cromwell_root/rc -> gs://workflows-bucket-terra-cold-pecan-4945/GvsJointVariantCalling_job_2024-01-25T222932826Z/GvsJointVariantCalling/cae072db-c91b-49ee-a0c7-dca2ee2bf0bd/call-GvsUnified/GvsUnified/2b77704a-e1a7-4ceb-9c57-8176f385c73f/call-GvsImportGenomes/GvsImportGenomes/fad27d9f-1823-445f-9fef-c00eb782d39f/call-CreateFOFNs/rc
2024/01/25 23:02:45 Delocalizing output /cromwell_root/stdout -> gs://workflows-bucket-terra-cold-pecan-4945/GvsJointVariantCalling_job_2024-01-25T222932826Z/GvsJointVariantCalling/cae072db-c91b-49ee-a0c7-dca2ee2bf0bd/call-GvsUnified/GvsUnified/2b77704a-e1a7-4ceb-9c57-8176f385c73f/call-GvsImportGenomes/GvsImportGenomes/fad27d9f-1823-445f-9fef-c00eb782d39f/call-CreateFOFNs/stdout
2024/01/25 23:02:46 Delocalizing output /cromwell_root/stderr -> gs://workflows-bucket-terra-cold-pecan-4945/GvsJointVariantCalling_job_2024-01-25T222932826Z/GvsJointVariantCalling/cae072db-c91b-49ee-a0c7-dca2ee2bf0bd/call-GvsUnified/GvsUnified/2b77704a-e1a7-4ceb-9c57-8176f385c73f/call-GvsImportGenomes/GvsImportGenomes/fad27d9f-1823-445f-9fef-c00eb782d39f/call-CreateFOFNs/stderr
2024/01/25 23:02:48 Delocalizing output /cromwell_root/glob-f5a9cc0d00d792726d568e80c4e678e7.list -> gs://workflows-bucket-terra-cold-pecan-4945/GvsJointVariantCalling_job_2024-01-25T222932826Z/GvsJointVariantCalling/cae072db-c91b-49ee-a0c7-dca2ee2bf0bd/call-GvsUnified/GvsUnified/2b77704a-e1a7-4ceb-9c57-8176f385c73f/call-GvsImportGenomes/GvsImportGenomes/fad27d9f-1823-445f-9fef-c00eb782d39f/call-CreateFOFNs/glob-f5a9cc0d00d792726d568e80c4e678e7.list
2024/01/25 23:02:50 Delocalizing output /cromwell_root/glob-c320cc4d7cda6f427b3fb653dd039d40 -> gs://workflows-bucket-terra-cold-pecan-4945/GvsJointVariantCalling_job_2024-01-25T222932826Z/GvsJointVariantCalling/cae072db-c91b-49ee-a0c7-dca2ee2bf0bd/call-GvsUnified/GvsUnified/2b77704a-e1a7-4ceb-9c57-8176f385c73f/call-GvsImportGenomes/GvsImportGenomes/fad27d9f-1823-445f-9fef-c00eb782d39f/call-CreateFOFNs/glob-c320cc4d7cda6f427b3fb653dd039d40/
2024/01/25 23:02:52 Delocalizing output /cromwell_root/glob-c320cc4d7cda6f427b3fb653dd039d40.list -> gs://workflows-bucket-terra-cold-pecan-4945/GvsJointVariantCalling_job_2024-01-25T222932826Z/GvsJointVariantCalling/cae072db-c91b-49ee-a0c7-dca2ee2bf0bd/call-GvsUnified/GvsUnified/2b77704a-e1a7-4ceb-9c57-8176f385c73f/call-GvsImportGenomes/GvsImportGenomes/fad27d9f-1823-445f-9fef-c00eb782d39f/call-CreateFOFNs/glob-c320cc4d7cda6f427b3fb653dd039d40.list
2024/01/25 23:02:54 Delocalizing output /cromwell_root/glob-b8bdf6009093d2a121c20271c60baf67.list -> gs://workflows-bucket-terra-cold-pecan-4945/GvsJointVariantCalling_job_2024-01-25T222932826Z/GvsJointVariantCalling/cae072db-c91b-49ee-a0c7-dca2ee2bf0bd/call-GvsUnified/GvsUnified/2b77704a-e1a7-4ceb-9c57-8176f385c73f/call-GvsImportGenomes/GvsImportGenomes/fad27d9f-1823-445f-9fef-c00eb782d39f/call-CreateFOFNs/glob-b8bdf6009093d2a121c20271c60baf67.list
2024/01/25 23:02:56 Delocalizing output /cromwell_root/glob-b8bdf6009093d2a121c20271c60baf67 -> gs://workflows-bucket-terra-cold-pecan-4945/GvsJointVariantCalling_job_2024-01-25T222932826Z/GvsJointVariantCalling/cae072db-c91b-49ee-a0c7-dca2ee2bf0bd/call-GvsUnified/GvsUnified/2b77704a-e1a7-4ceb-9c57-8176f385c73f/call-GvsImportGenomes/GvsImportGenomes/fad27d9f-1823-445f-9fef-c00eb782d39f/call-CreateFOFNs/glob-b8bdf6009093d2a121c20271c60baf67/
2024/01/25 23:02:58 Delocalizing output /cromwell_root/glob-f5a9cc0d00d792726d568e80c4e678e7 -> gs://workflows-bucket-terra-cold-pecan-4945/GvsJointVariantCalling_job_2024-01-25T222932826Z/GvsJointVariantCalling/cae072db-c91b-49ee-a0c7-dca2ee2bf0bd/call-GvsUnified/GvsUnified/2b77704a-e1a7-4ceb-9c57-8176f385c73f/call-GvsImportGenomes/GvsImportGenomes/fad27d9f-1823-445f-9fef-c00eb782d39f/call-CreateFOFNs/glob-f5a9cc0d00d792726d568e80c4e678e7/
2024/01/25 23:02:59 Delocalization script execution complete.
2024/01/25 23:03:00 Done delocalization.
